<?xml version="1.0" encoding="UTF-8"?>
<!-- Generated by org.testng.reporters.JUnitReportReporter -->
<testsuite skipped="0" hostname="DESKTOP-IC0JENF" name="com.personal.testcases.OpenAccountTest" tests="2" failures="0" timestamp="2021-06-13T15:00:30 IST" time="2.836" errors="0">
  <testcase name="openAccountMethod" time="1.084" classname="com.personal.testcases.OpenAccountTest"/>
  <system-out/>
  <testcase name="openAccountMethod" time="1.752" classname="com.personal.testcases.OpenAccountTest"/>
  <system-out/>
</testsuite> <!-- com.personal.testcases.OpenAccountTest -->
