<?xml version="1.0" encoding="UTF-8"?>
<!-- Generated by org.testng.reporters.JUnitReportReporter -->
<testsuite skipped="0" hostname="DESKTOP-IC0JENF" name="com.personal.testcases.OpenAccountTest" tests="2" failures="0" timestamp="2021-06-14T14:25:32 IST" time="2.358" errors="0">
  <testcase name="openAccountMethod" time="1.287" classname="com.personal.testcases.OpenAccountTest"/>
  <system-out/>
  <testcase name="openAccountMethod" time="1.071" classname="com.personal.testcases.OpenAccountTest"/>
  <system-out/>
</testsuite> <!-- com.personal.testcases.OpenAccountTest -->
