<?xml version="1.0" encoding="UTF-8"?>
<!-- Generated by org.testng.reporters.JUnitReportReporter -->
<testsuite skipped="0" hostname="DESKTOP-IC0JENF" name="com.personal.testcases.CustomerLoginTest" tests="1" failures="0" timestamp="2021-06-14T14:25:32 IST" time="1.456" errors="0">
  <testcase name="customerLoginMethod" time="1.456" classname="com.personal.testcases.CustomerLoginTest"/>
  <system-out/>
</testsuite> <!-- com.personal.testcases.CustomerLoginTest -->
