<?xml version="1.0" encoding="UTF-8"?>
<!-- Generated by org.testng.reporters.JUnitReportReporter -->
<testsuite skipped="0" hostname="DESKTOP-IC0JENF" name="com.personal.testcases.CustomerLoginTest" tests="1" failures="0" timestamp="2021-06-13T15:00:30 IST" time="3.373" errors="0">
  <testcase name="customerLoginMethod" time="3.373" classname="com.personal.testcases.CustomerLoginTest"/>
  <system-out/>
</testsuite> <!-- com.personal.testcases.CustomerLoginTest -->
