<?xml version="1.0" encoding="UTF-8"?>
<!-- Generated by org.testng.reporters.JUnitReportReporter -->
<testsuite skipped="0" hostname="DESKTOP-IC0JENF" name="com.personal.testcases.OpenAccountTest" tests="2" failures="0" timestamp="2021-06-12T23:02:48 IST" time="1.383" errors="0">
  <testcase name="openAccountMethod" time="0.914" classname="com.personal.testcases.OpenAccountTest"/>
  <system-out/>
  <testcase name="openAccountMethod" time="0.469" classname="com.personal.testcases.OpenAccountTest"/>
  <system-out/>
</testsuite> <!-- com.personal.testcases.OpenAccountTest -->
