<?xml version="1.0" encoding="UTF-8"?>
<!-- Generated by org.testng.reporters.JUnitReportReporter -->
<testsuite skipped="2" hostname="DESKTOP-IC0JENF" name="com.personal.testcases.AddCustomerTest" tests="2" failures="0" timestamp="2021-06-13T10:27:28 IST" time="0.000" errors="0">
  <testcase name="loginAsmanagerTest" time="0.000" classname="com.personal.testcases.AddCustomerTest">
    <skipped/>
  </testcase> <!-- loginAsmanagerTest -->
  <system-out/>
  <testcase name="addMultipleCustomerTest" time="0.000" classname="com.personal.testcases.AddCustomerTest">
    <skipped/>
  </testcase> <!-- addMultipleCustomerTest -->
  <system-out/>
</testsuite> <!-- com.personal.testcases.AddCustomerTest -->
